
*** Running vivado
    with args -log gates2.vdi -applog -m64 -product Vivado -messageDb vivado.pb -mode batch -source gates2.tcl -notrace



****** Vivado v2022.1 (64-bit)
  **** SW Build 3526262 on Mon Apr 18 15:48:16 MDT 2022
  **** IP Build 3524634 on Mon Apr 18 20:55:01 MDT 2022
    ** Copyright 1986-2022 Xilinx, Inc. All Rights Reserved.

source gates2.tcl -notrace
create_project: Time (s): cpu = 00:00:07 ; elapsed = 00:00:11 . Memory (MB): peak = 1676.887 ; gain = 0.000
Command: link_design -top gates2 -part xc7a35tcpg236-1
Design is defaulting to srcset: sources_1
Design is defaulting to constrset: constrs_1
INFO: [Device 21-403] Loading part xc7a35tcpg236-1
Netlist sorting complete. Time (s): cpu = 00:00:00 ; elapsed = 00:00:00 . Memory (MB): peak = 1676.887 ; gain = 0.000
INFO: [Project 1-479] Netlist was created with Vivado 2022.1
INFO: [Project 1-570] Preparing netlist for logic optimization
Parsing XDC File [D:/FPGA/gates2/gates2.srcs/constrs_1/imports/Basys3_XDC/MY_Basys-3-Master.xdc]
Finished Parsing XDC File [D:/FPGA/gates2/gates2.srcs/constrs_1/imports/Basys3_XDC/MY_Basys-3-Master.xdc]
INFO: [Opt 31-138] Pushed 0 inverter(s) to 0 load pin(s).
Netlist sorting complete. Time (s): cpu = 00:00:00 ; elapsed = 00:00:00 . Memory (MB): peak = 1676.887 ; gain = 0.000
INFO: [Project 1-111] Unisim Transformation Summary:
No Unisim elements were transformed.

5 Infos, 0 Warnings, 0 Critical Warnings and 0 Errors encountered.
link_design completed successfully
link_design: Time (s): cpu = 00:00:07 ; elapsed = 00:00:19 . Memory (MB): peak = 1676.887 ; gain = 0.000
Command: opt_design
Attempting to get a license for feature 'Implementation' and/or device 'xc7a35t'
INFO: [Common 17-349] Got license for feature 'Implementation' and/or device 'xc7a35t'
Running DRC as a precondition to command opt_design

Starting DRC Task
INFO: [DRC 23-27] Running DRC with 2 threads
INFO: [Project 1-461] DRC finished with 0 Errors
INFO: [Project 1-462] Please refer to the DRC report (report_drc) for more information.

Time (s): cpu = 00:00:01 ; elapsed = 00:00:02 . Memory (MB): peak = 1676.887 ; gain = 0.000

Starting Cache Timing Information Task
INFO: [Timing 38-35] Done setting XDC timing constraints.
Ending Cache Timing Information Task | Checksum: 51fd648c

Time (s): cpu = 00:00:13 ; elapsed = 00:00:19 . Memory (MB): peak = 1777.777 ; gain = 100.891

Starting Logic Optimization Task

Phase 1 Retarget
INFO: [Opt 31-138] Pushed 0 inverter(s) to 0 load pin(s).
In IDDR TRANSFORM
INFO: [Opt 31-49] Retargeted 0 cell(s).
Phase 1 Retarget | Checksum: 51fd648c

Time (s): cpu = 00:00:00 ; elapsed = 00:00:00.388 . Memory (MB): peak = 2087.750 ; gain = 0.000
INFO: [Opt 31-389] Phase Retarget created 0 cells and removed 0 cells

Phase 2 Constant propagation
INFO: [Opt 31-138] Pushed 0 inverter(s) to 0 load pin(s).
Phase 2 Constant propagation | Checksum: 51fd648c

Time (s): cpu = 00:00:00 ; elapsed = 00:00:00.408 . Memory (MB): peak = 2087.750 ; gain = 0.000
INFO: [Opt 31-389] Phase Constant propagation created 0 cells and removed 0 cells

Phase 3 Sweep
Phase 3 Sweep | Checksum: 51fd648c

Time (s): cpu = 00:00:00 ; elapsed = 00:00:00.433 . Memory (MB): peak = 2087.750 ; gain = 0.000
INFO: [Opt 31-389] Phase Sweep created 0 cells and removed 0 cells

Phase 4 BUFG optimization
Phase 4 BUFG optimization | Checksum: 51fd648c

Time (s): cpu = 00:00:00 ; elapsed = 00:00:00.569 . Memory (MB): peak = 2087.750 ; gain = 0.000
INFO: [Opt 31-662] Phase BUFG optimization created 0 cells of which 0 are BUFGs and removed 0 cells.

Phase 5 Shift Register Optimization
INFO: [Opt 31-1064] SRL Remap converted 0 SRLs to 0 registers and converted 0 registers of register chains to 0 SRLs
Phase 5 Shift Register Optimization | Checksum: 51fd648c

Time (s): cpu = 00:00:00 ; elapsed = 00:00:00.583 . Memory (MB): peak = 2087.750 ; gain = 0.000
INFO: [Opt 31-389] Phase Shift Register Optimization created 0 cells and removed 0 cells

Phase 6 Post Processing Netlist
Phase 6 Post Processing Netlist | Checksum: 51fd648c

Time (s): cpu = 00:00:00 ; elapsed = 00:00:00.615 . Memory (MB): peak = 2087.750 ; gain = 0.000
INFO: [Opt 31-389] Phase Post Processing Netlist created 0 cells and removed 0 cells
Opt_design Change Summary
=========================


-------------------------------------------------------------------------------------------------------------------------
|  Phase                        |  #Cells created  |  #Cells Removed  |  #Constrained objects preventing optimizations  |
-------------------------------------------------------------------------------------------------------------------------
|  Retarget                     |               0  |               0  |                                              0  |
|  Constant propagation         |               0  |               0  |                                              0  |
|  Sweep                        |               0  |               0  |                                              0  |
|  BUFG optimization            |               0  |               0  |                                              0  |
|  Shift Register Optimization  |               0  |               0  |                                              0  |
|  Post Processing Netlist      |               0  |               0  |                                              0  |
-------------------------------------------------------------------------------------------------------------------------



Starting Connectivity Check Task

Time (s): cpu = 00:00:00 ; elapsed = 00:00:00.012 . Memory (MB): peak = 2087.750 ; gain = 0.000
Ending Logic Optimization Task | Checksum: 51fd648c

Time (s): cpu = 00:00:00 ; elapsed = 00:00:00.630 . Memory (MB): peak = 2087.750 ; gain = 0.000

Starting Power Optimization Task
INFO: [Pwropt 34-132] Skipping clock gating for clocks with a period < 2.00 ns.
Ending Power Optimization Task | Checksum: 51fd648c

Time (s): cpu = 00:00:00 ; elapsed = 00:00:00.183 . Memory (MB): peak = 2087.750 ; gain = 0.000

Starting Final Cleanup Task
Ending Final Cleanup Task | Checksum: 51fd648c

Time (s): cpu = 00:00:00 ; elapsed = 00:00:00.017 . Memory (MB): peak = 2087.750 ; gain = 0.000

Starting Netlist Obfuscation Task
Netlist sorting complete. Time (s): cpu = 00:00:00 ; elapsed = 00:00:00.001 . Memory (MB): peak = 2087.750 ; gain = 0.000
Ending Netlist Obfuscation Task | Checksum: 51fd648c

Time (s): cpu = 00:00:00 ; elapsed = 00:00:00.001 . Memory (MB): peak = 2087.750 ; gain = 0.000
INFO: [Common 17-83] Releasing license: Implementation
22 Infos, 0 Warnings, 0 Critical Warnings and 0 Errors encountered.
opt_design completed successfully
opt_design: Time (s): cpu = 00:00:19 ; elapsed = 00:00:29 . Memory (MB): peak = 2087.750 ; gain = 410.863
INFO: [Timing 38-480] Writing timing data to binary archive.
Writing XDEF routing.
Writing XDEF routing logical nets.
Writing XDEF routing special nets.
Write XDEF Complete: Time (s): cpu = 00:00:00 ; elapsed = 00:00:00.189 . Memory (MB): peak = 2087.750 ; gain = 0.000
INFO: [Common 17-1381] The checkpoint 'D:/FPGA/gates2/gates2.runs/impl_1/gates2_opt.dcp' has been generated.
INFO: [runtcl-4] Executing : report_drc -file gates2_drc_opted.rpt -pb gates2_drc_opted.pb -rpx gates2_drc_opted.rpx
Command: report_drc -file gates2_drc_opted.rpt -pb gates2_drc_opted.pb -rpx gates2_drc_opted.rpx
INFO: [IP_Flow 19-234] Refreshing IP repositories
INFO: [IP_Flow 19-1704] No user IP repositories specified
INFO: [IP_Flow 19-2313] Loaded Vivado IP repository 'D:/XILINX/Vivado/2022.1/data/ip'.
INFO: [Timing 38-35] Done setting XDC timing constraints.
INFO: [DRC 23-27] Running DRC with 2 threads
INFO: [Vivado_Tcl 2-168] The results of DRC are in file D:/FPGA/gates2/gates2.runs/impl_1/gates2_drc_opted.rpt.
report_drc completed successfully
report_drc: Time (s): cpu = 00:00:02 ; elapsed = 00:00:05 . Memory (MB): peak = 2125.867 ; gain = 38.117
Command: place_design
Attempting to get a license for feature 'Implementation' and/or device 'xc7a35t'
INFO: [Common 17-349] Got license for feature 'Implementation' and/or device 'xc7a35t'
INFO: [DRC 23-27] Running DRC with 2 threads
INFO: [Vivado_Tcl 4-198] DRC finished with 0 Errors
INFO: [Vivado_Tcl 4-199] Please refer to the DRC report (report_drc) for more information.
Running DRC as a precondition to command place_design
INFO: [DRC 23-27] Running DRC with 2 threads
INFO: [Vivado_Tcl 4-198] DRC finished with 0 Errors
INFO: [Vivado_Tcl 4-199] Please refer to the DRC report (report_drc) for more information.

Starting Placer Task
INFO: [Place 30-611] Multithreading enabled for place_design using a maximum of 2 CPUs

Phase 1 Placer Initialization

Phase 1.1 Placer Initialization Netlist Sorting
Netlist sorting complete. Time (s): cpu = 00:00:00 ; elapsed = 00:00:00 . Memory (MB): peak = 2127.914 ; gain = 0.000
Phase 1.1 Placer Initialization Netlist Sorting | Checksum: 3e58ebde

Time (s): cpu = 00:00:00 ; elapsed = 00:00:00.275 . Memory (MB): peak = 2127.914 ; gain = 0.000
Netlist sorting complete. Time (s): cpu = 00:00:00 ; elapsed = 00:00:00.001 . Memory (MB): peak = 2127.914 ; gain = 0.000

Phase 1.2 IO Placement/ Clock Placement/ Build Placer Device
Phase 1.2 IO Placement/ Clock Placement/ Build Placer Device | Checksum: 3e58ebde

Time (s): cpu = 00:00:00 ; elapsed = 00:00:01 . Memory (MB): peak = 2127.914 ; gain = 0.000

Phase 1.3 Build Placer Netlist Model
Phase 1.3 Build Placer Netlist Model | Checksum: 7db11e4e

Time (s): cpu = 00:00:00 ; elapsed = 00:00:02 . Memory (MB): peak = 2127.914 ; gain = 0.000

Phase 1.4 Constrain Clocks/Macros
Phase 1.4 Constrain Clocks/Macros | Checksum: 7db11e4e

Time (s): cpu = 00:00:00 ; elapsed = 00:00:02 . Memory (MB): peak = 2127.914 ; gain = 0.000
Phase 1 Placer Initialization | Checksum: 7db11e4e

Time (s): cpu = 00:00:00 ; elapsed = 00:00:02 . Memory (MB): peak = 2127.914 ; gain = 0.000

Phase 2 Global Placement

Phase 2.1 Floorplanning
Phase 2.1 Floorplanning | Checksum: 7db11e4e

Time (s): cpu = 00:00:00 ; elapsed = 00:00:02 . Memory (MB): peak = 2127.914 ; gain = 0.000

Phase 2.2 Update Timing before SLR Path Opt
Phase 2.2 Update Timing before SLR Path Opt | Checksum: 7db11e4e

Time (s): cpu = 00:00:00 ; elapsed = 00:00:02 . Memory (MB): peak = 2127.914 ; gain = 0.000

Phase 2.3 Post-Processing in Floorplanning
Phase 2.3 Post-Processing in Floorplanning | Checksum: 7db11e4e

Time (s): cpu = 00:00:00 ; elapsed = 00:00:02 . Memory (MB): peak = 2127.914 ; gain = 0.000

Phase 2.4 Global Placement Core
WARNING: [Place 46-29] place_design is not in timing mode. Skip physical synthesis in placer
Phase 2.4 Global Placement Core | Checksum: dff603a2

Time (s): cpu = 00:00:01 ; elapsed = 00:00:04 . Memory (MB): peak = 2127.914 ; gain = 0.000
Phase 2 Global Placement | Checksum: dff603a2

Time (s): cpu = 00:00:01 ; elapsed = 00:00:04 . Memory (MB): peak = 2127.914 ; gain = 0.000

Phase 3 Detail Placement

Phase 3.1 Commit Multi Column Macros
Phase 3.1 Commit Multi Column Macros | Checksum: dff603a2

Time (s): cpu = 00:00:01 ; elapsed = 00:00:04 . Memory (MB): peak = 2127.914 ; gain = 0.000

Phase 3.2 Commit Most Macros & LUTRAMs
Phase 3.2 Commit Most Macros & LUTRAMs | Checksum: 129c8b9d3

Time (s): cpu = 00:00:01 ; elapsed = 00:00:04 . Memory (MB): peak = 2127.914 ; gain = 0.000

Phase 3.3 Area Swap Optimization
Phase 3.3 Area Swap Optimization | Checksum: 684f4661

Time (s): cpu = 00:00:01 ; elapsed = 00:00:04 . Memory (MB): peak = 2127.914 ; gain = 0.000

Phase 3.4 Pipeline Register Optimization
Phase 3.4 Pipeline Register Optimization | Checksum: 684f4661

Time (s): cpu = 00:00:01 ; elapsed = 00:00:04 . Memory (MB): peak = 2127.914 ; gain = 0.000

Phase 3.5 Small Shape Detail Placement
Phase 3.5 Small Shape Detail Placement | Checksum: 1cf7132c5

Time (s): cpu = 00:00:02 ; elapsed = 00:00:05 . Memory (MB): peak = 2127.914 ; gain = 0.000

Phase 3.6 Re-assign LUT pins
Phase 3.6 Re-assign LUT pins | Checksum: 1cf7132c5

Time (s): cpu = 00:00:02 ; elapsed = 00:00:05 . Memory (MB): peak = 2127.914 ; gain = 0.000

Phase 3.7 Pipeline Register Optimization
Phase 3.7 Pipeline Register Optimization | Checksum: 1cf7132c5

Time (s): cpu = 00:00:02 ; elapsed = 00:00:05 . Memory (MB): peak = 2127.914 ; gain = 0.000
Phase 3 Detail Placement | Checksum: 1cf7132c5

Time (s): cpu = 00:00:02 ; elapsed = 00:00:05 . Memory (MB): peak = 2127.914 ; gain = 0.000

Phase 4 Post Placement Optimization and Clean-Up

Phase 4.1 Post Commit Optimization
Phase 4.1 Post Commit Optimization | Checksum: 1cf7132c5

Time (s): cpu = 00:00:02 ; elapsed = 00:00:05 . Memory (MB): peak = 2127.914 ; gain = 0.000

Phase 4.2 Post Placement Cleanup
Phase 4.2 Post Placement Cleanup | Checksum: 1cf7132c5

Time (s): cpu = 00:00:02 ; elapsed = 00:00:05 . Memory (MB): peak = 2127.914 ; gain = 0.000

Phase 4.3 Placer Reporting

Phase 4.3.1 Print Estimated Congestion
INFO: [Place 30-612] Post-Placement Estimated Congestion 
 ____________________________________________________
|           | Global Congestion | Short Congestion  |
| Direction | Region Size       | Region Size       |
|___________|___________________|___________________|
|      North|                1x1|                1x1|
|___________|___________________|___________________|
|      South|                1x1|                1x1|
|___________|___________________|___________________|
|       East|                1x1|                1x1|
|___________|___________________|___________________|
|       West|                1x1|                1x1|
|___________|___________________|___________________|

Phase 4.3.1 Print Estimated Congestion | Checksum: 1cf7132c5

Time (s): cpu = 00:00:02 ; elapsed = 00:00:05 . Memory (MB): peak = 2127.914 ; gain = 0.000
Phase 4.3 Placer Reporting | Checksum: 1cf7132c5

Time (s): cpu = 00:00:02 ; elapsed = 00:00:05 . Memory (MB): peak = 2127.914 ; gain = 0.000

Phase 4.4 Final Placement Cleanup
Netlist sorting complete. Time (s): cpu = 00:00:00 ; elapsed = 00:00:00 . Memory (MB): peak = 2127.914 ; gain = 0.000

Time (s): cpu = 00:00:02 ; elapsed = 00:00:05 . Memory (MB): peak = 2127.914 ; gain = 0.000
Phase 4 Post Placement Optimization and Clean-Up | Checksum: 1cf7132c5

Time (s): cpu = 00:00:02 ; elapsed = 00:00:05 . Memory (MB): peak = 2127.914 ; gain = 0.000
Ending Placer Task | Checksum: ef436757

Time (s): cpu = 00:00:02 ; elapsed = 00:00:05 . Memory (MB): peak = 2127.914 ; gain = 0.000
INFO: [Common 17-83] Releasing license: Implementation
41 Infos, 1 Warnings, 0 Critical Warnings and 0 Errors encountered.
place_design completed successfully
place_design: Time (s): cpu = 00:00:03 ; elapsed = 00:00:06 . Memory (MB): peak = 2127.914 ; gain = 2.047
INFO: [Timing 38-480] Writing timing data to binary archive.
Writing XDEF routing.
Writing XDEF routing logical nets.
Writing XDEF routing special nets.
Write XDEF Complete: Time (s): cpu = 00:00:00 ; elapsed = 00:00:00.084 . Memory (MB): peak = 2127.914 ; gain = 0.000
INFO: [Common 17-1381] The checkpoint 'D:/FPGA/gates2/gates2.runs/impl_1/gates2_placed.dcp' has been generated.
INFO: [runtcl-4] Executing : report_io -file gates2_io_placed.rpt
report_io: Time (s): cpu = 00:00:00 ; elapsed = 00:00:00.164 . Memory (MB): peak = 2127.914 ; gain = 0.000
INFO: [runtcl-4] Executing : report_utilization -file gates2_utilization_placed.rpt -pb gates2_utilization_placed.pb
INFO: [runtcl-4] Executing : report_control_sets -verbose -file gates2_control_sets_placed.rpt
report_control_sets: Time (s): cpu = 00:00:00 ; elapsed = 00:00:00.016 . Memory (MB): peak = 2127.914 ; gain = 0.000
Command: phys_opt_design
Attempting to get a license for feature 'Implementation' and/or device 'xc7a35t'
INFO: [Common 17-349] Got license for feature 'Implementation' and/or device 'xc7a35t'
INFO: [Vivado_Tcl 4-235] No timing constraint found. The netlist was not modified.
INFO: [Common 17-83] Releasing license: Implementation
49 Infos, 1 Warnings, 0 Critical Warnings and 0 Errors encountered.
phys_opt_design completed successfully
INFO: [Timing 38-480] Writing timing data to binary archive.
Writing XDEF routing.
Writing XDEF routing logical nets.
Writing XDEF routing special nets.
Write XDEF Complete: Time (s): cpu = 00:00:00 ; elapsed = 00:00:00.067 . Memory (MB): peak = 2127.914 ; gain = 0.000
INFO: [Common 17-1381] The checkpoint 'D:/FPGA/gates2/gates2.runs/impl_1/gates2_physopt.dcp' has been generated.
Command: route_design
Attempting to get a license for feature 'Implementation' and/or device 'xc7a35t'
INFO: [Common 17-349] Got license for feature 'Implementation' and/or device 'xc7a35t'
Running DRC as a precondition to command route_design
INFO: [DRC 23-27] Running DRC with 2 threads
INFO: [Vivado_Tcl 4-198] DRC finished with 0 Errors
INFO: [Vivado_Tcl 4-199] Please refer to the DRC report (report_drc) for more information.


Starting Routing Task
INFO: [Route 35-254] Multithreading enabled for route_design using a maximum of 2 CPUs

Phase 1 Build RT Design
Checksum: PlaceDB: c212d1cb ConstDB: 0 ShapeSum: 2d30958c RouteDB: 0
Post Restoration Checksum: NetGraph: 6d49d387 NumContArr: 98a4f1ce Constraints: 0 Timing: 0
Phase 1 Build RT Design | Checksum: 105eec555

Time (s): cpu = 00:00:37 ; elapsed = 00:00:38 . Memory (MB): peak = 2198.766 ; gain = 66.711

Phase 2 Router Initialization
INFO: [Route 35-64] No timing constraints were detected. The router will operate in resource-optimization mode.

Phase 2.1 Fix Topology Constraints
Phase 2.1 Fix Topology Constraints | Checksum: 105eec555

Time (s): cpu = 00:00:37 ; elapsed = 00:00:39 . Memory (MB): peak = 2204.773 ; gain = 72.719

Phase 2.2 Pre Route Cleanup
Phase 2.2 Pre Route Cleanup | Checksum: 105eec555

Time (s): cpu = 00:00:37 ; elapsed = 00:00:39 . Memory (MB): peak = 2204.773 ; gain = 72.719
 Number of Nodes with overlaps = 0

Router Utilization Summary
  Global Vertical Routing Utilization    = 0 %
  Global Horizontal Routing Utilization  = 0 %
  Routable Net Status*
  *Does not include unroutable nets such as driverless and loadless.
  Run report_route_status for detailed report.
  Number of Failed Nets               = 8
    (Failed Nets is the sum of unrouted and partially routed nets)
  Number of Unrouted Nets             = 8
  Number of Partially Routed Nets     = 0
  Number of Node Overlaps             = 0

Phase 2 Router Initialization | Checksum: c1328cb3

Time (s): cpu = 00:00:37 ; elapsed = 00:00:39 . Memory (MB): peak = 2209.215 ; gain = 77.160

Phase 3 Initial Routing

Phase 3.1 Global Routing
Phase 3.1 Global Routing | Checksum: c1328cb3

Time (s): cpu = 00:00:37 ; elapsed = 00:00:39 . Memory (MB): peak = 2209.215 ; gain = 77.160
 Number of Nodes with overlaps = 0
Phase 3 Initial Routing | Checksum: 178d24f38

Time (s): cpu = 00:00:37 ; elapsed = 00:00:40 . Memory (MB): peak = 2209.215 ; gain = 77.160

Phase 4 Rip-up And Reroute

Phase 4.1 Global Iteration 0
Phase 4.1 Global Iteration 0 | Checksum: 178d24f38

Time (s): cpu = 00:00:37 ; elapsed = 00:00:40 . Memory (MB): peak = 2209.215 ; gain = 77.160
Phase 4 Rip-up And Reroute | Checksum: 178d24f38

Time (s): cpu = 00:00:37 ; elapsed = 00:00:40 . Memory (MB): peak = 2209.215 ; gain = 77.160

Phase 5 Delay and Skew Optimization
Phase 5 Delay and Skew Optimization | Checksum: 178d24f38

Time (s): cpu = 00:00:37 ; elapsed = 00:00:40 . Memory (MB): peak = 2209.215 ; gain = 77.160

Phase 6 Post Hold Fix

Phase 6.1 Hold Fix Iter
Phase 6.1 Hold Fix Iter | Checksum: 178d24f38

Time (s): cpu = 00:00:37 ; elapsed = 00:00:40 . Memory (MB): peak = 2209.215 ; gain = 77.160
Phase 6 Post Hold Fix | Checksum: 178d24f38

Time (s): cpu = 00:00:37 ; elapsed = 00:00:40 . Memory (MB): peak = 2209.215 ; gain = 77.160

Phase 7 Route finalize

Router Utilization Summary
  Global Vertical Routing Utilization    = 0.00574025 %
  Global Horizontal Routing Utilization  = 0.00312337 %
  Routable Net Status*
  *Does not include unroutable nets such as driverless and loadless.
  Run report_route_status for detailed report.
  Number of Failed Nets               = 0
    (Failed Nets is the sum of unrouted and partially routed nets)
  Number of Unrouted Nets             = 0
  Number of Partially Routed Nets     = 0
  Number of Node Overlaps             = 0

Congestion Report
North Dir 1x1 Area, Max Cong = 5.40541%, No Congested Regions.
South Dir 1x1 Area, Max Cong = 6.30631%, No Congested Regions.
East Dir 1x1 Area, Max Cong = 2.94118%, No Congested Regions.
West Dir 1x1 Area, Max Cong = 5.88235%, No Congested Regions.

------------------------------
Reporting congestion hotspots
------------------------------
Direction: North
----------------
Congested clusters found at Level 0
Effective congestion level: 0 Aspect Ratio: 1 Sparse Ratio: 0
Direction: South
----------------
Congested clusters found at Level 0
Effective congestion level: 0 Aspect Ratio: 1 Sparse Ratio: 0
Direction: East
----------------
Congested clusters found at Level 0
Effective congestion level: 0 Aspect Ratio: 1 Sparse Ratio: 0
Direction: West
----------------
Congested clusters found at Level 0
Effective congestion level: 0 Aspect Ratio: 1 Sparse Ratio: 0

Phase 7 Route finalize | Checksum: 178d24f38

Time (s): cpu = 00:00:37 ; elapsed = 00:00:40 . Memory (MB): peak = 2209.215 ; gain = 77.160

Phase 8 Verifying routed nets

 Verification completed successfully
Phase 8 Verifying routed nets | Checksum: 178d24f38

Time (s): cpu = 00:00:37 ; elapsed = 00:00:40 . Memory (MB): peak = 2209.883 ; gain = 77.828

Phase 9 Depositing Routes
Phase 9 Depositing Routes | Checksum: 14114fe45

Time (s): cpu = 00:00:37 ; elapsed = 00:00:40 . Memory (MB): peak = 2209.883 ; gain = 77.828
INFO: [Route 35-16] Router Completed Successfully

Time (s): cpu = 00:00:37 ; elapsed = 00:00:40 . Memory (MB): peak = 2209.883 ; gain = 77.828

Routing Is Done.
INFO: [Common 17-83] Releasing license: Implementation
59 Infos, 1 Warnings, 0 Critical Warnings and 0 Errors encountered.
route_design completed successfully
route_design: Time (s): cpu = 00:00:38 ; elapsed = 00:00:41 . Memory (MB): peak = 2209.883 ; gain = 81.969
INFO: [Timing 38-480] Writing timing data to binary archive.
Writing XDEF routing.
Writing XDEF routing logical nets.
Writing XDEF routing special nets.
Write XDEF Complete: Time (s): cpu = 00:00:00 ; elapsed = 00:00:00.087 . Memory (MB): peak = 2221.715 ; gain = 11.832
INFO: [Common 17-1381] The checkpoint 'D:/FPGA/gates2/gates2.runs/impl_1/gates2_routed.dcp' has been generated.
INFO: [runtcl-4] Executing : report_drc -file gates2_drc_routed.rpt -pb gates2_drc_routed.pb -rpx gates2_drc_routed.rpx
Command: report_drc -file gates2_drc_routed.rpt -pb gates2_drc_routed.pb -rpx gates2_drc_routed.rpx
INFO: [IP_Flow 19-1839] IP Catalog is up to date.
INFO: [DRC 23-27] Running DRC with 2 threads
INFO: [Vivado_Tcl 2-168] The results of DRC are in file D:/FPGA/gates2/gates2.runs/impl_1/gates2_drc_routed.rpt.
report_drc completed successfully
INFO: [runtcl-4] Executing : report_methodology -file gates2_methodology_drc_routed.rpt -pb gates2_methodology_drc_routed.pb -rpx gates2_methodology_drc_routed.rpx
Command: report_methodology -file gates2_methodology_drc_routed.rpt -pb gates2_methodology_drc_routed.pb -rpx gates2_methodology_drc_routed.rpx
INFO: [Timing 38-35] Done setting XDC timing constraints.
INFO: [DRC 23-133] Running Methodology with 2 threads
INFO: [Vivado_Tcl 2-1520] The results of Report Methodology are in file D:/FPGA/gates2/gates2.runs/impl_1/gates2_methodology_drc_routed.rpt.
report_methodology completed successfully
INFO: [runtcl-4] Executing : report_power -file gates2_power_routed.rpt -pb gates2_power_summary_routed.pb -rpx gates2_power_routed.rpx
Command: report_power -file gates2_power_routed.rpt -pb gates2_power_summary_routed.pb -rpx gates2_power_routed.rpx
INFO: [Timing 38-35] Done setting XDC timing constraints.
WARNING: [Power 33-232] No user defined clocks were found in the design! Power estimation will be inaccurate until this is corrected.
Resolution: Please specify clocks using create_clock/create_generated_clock for sequential elements. For pure combinatorial circuits, please specify a virtual clock, otherwise the vectorless estimation might be inaccurate
Running Vector-less Activity Propagation...

Finished Running Vector-less Activity Propagation
71 Infos, 2 Warnings, 0 Critical Warnings and 0 Errors encountered.
report_power completed successfully
INFO: [runtcl-4] Executing : report_route_status -file gates2_route_status.rpt -pb gates2_route_status.pb
INFO: [runtcl-4] Executing : report_timing_summary -max_paths 10 -report_unconstrained -file gates2_timing_summary_routed.rpt -pb gates2_timing_summary_routed.pb -rpx gates2_timing_summary_routed.rpx -warn_on_violation 
INFO: [Timing 38-91] UpdateTimingParams: Speed grade: -1, Delay Type: min_max.
INFO: [Timing 38-191] Multithreading enabled for timing update using a maximum of 2 CPUs
WARNING: [Timing 38-313] There are no user specified timing constraints. Timing constraints are needed for proper timing analysis.
INFO: [runtcl-4] Executing : report_incremental_reuse -file gates2_incremental_reuse_routed.rpt
INFO: [Vivado_Tcl 4-1062] Incremental flow is disabled. No incremental reuse Info to report.
INFO: [runtcl-4] Executing : report_clock_utilization -file gates2_clock_utilization_routed.rpt
INFO: [runtcl-4] Executing : report_bus_skew -warn_on_violation -file gates2_bus_skew_routed.rpt -pb gates2_bus_skew_routed.pb -rpx gates2_bus_skew_routed.rpx
INFO: [Timing 38-91] UpdateTimingParams: Speed grade: -1, Delay Type: min_max.
INFO: [Timing 38-191] Multithreading enabled for timing update using a maximum of 2 CPUs
Command: write_bitstream -force gates2.bit
Attempting to get a license for feature 'Implementation' and/or device 'xc7a35t'
INFO: [Common 17-349] Got license for feature 'Implementation' and/or device 'xc7a35t'
Running DRC as a precondition to command write_bitstream
INFO: [IP_Flow 19-1839] IP Catalog is up to date.
INFO: [DRC 23-27] Running DRC with 2 threads
INFO: [Vivado 12-3199] DRC finished with 0 Errors
INFO: [Vivado 12-3200] Please refer to the DRC report (report_drc) for more information.
INFO: [Designutils 20-2272] Running write_bitstream with 2 threads.
Loading data files...
Loading site data...
Loading route data...
Processing options...
Creating bitmap...
Creating bitstream...
Writing bitstream ./gates2.bit...
INFO: [Vivado 12-1842] Bitgen Completed Successfully.
INFO: [Project 1-1876] WebTalk data collection is mandatory when using a ULT device. To see the specific WebTalk data collected for your design, open the usage_statistics_webtalk.html or usage_statistics_webtalk.xml file in the implementation directory.
INFO: [Common 17-83] Releasing license: Implementation
12 Infos, 0 Warnings, 0 Critical Warnings and 0 Errors encountered.
write_bitstream completed successfully
write_bitstream: Time (s): cpu = 00:00:15 ; elapsed = 00:00:20 . Memory (MB): peak = 2669.457 ; gain = 419.590
INFO: [Common 17-206] Exiting Vivado at Tue Oct  4 18:00:06 2022...
